[    0.000000] Linux version 4.15.0-88-generic (buildd@lgw01-amd64-036) (gcc version 7.4.0 (Ubuntu 7.4.0-1ubuntu1~18.04.1)) #88-Ubuntu SMP Tue Feb 11 20:11:34 UTC 2020 (Ubuntu 4.15.0-88.88-generic 4.15.18)
[    0.000000] Command line: BOOT_IMAGE=/boot/vmlinuz-4.15.0-88-generic root=LABEL=cloudimg-rootfs ro console=tty1 console=ttyS0
[    0.000000] KERNEL supported cpus:
[    0.000000]   Intel GenuineIntel
[    0.000000]   AMD AuthenticAMD
[    0.000000]   Centaur CentaurHauls
[    0.000000] x86/fpu: Supporting XSAVE feature 0x001: 'x87 floating point registers'
[    0.000000] x86/fpu: Supporting XSAVE feature 0x002: 'SSE registers'
[    0.000000] x86/fpu: Supporting XSAVE feature 0x004: 'AVX registers'
[    0.000000] x86/fpu: xstate_offset[2]:  576, xstate_sizes[2]:  256
[    0.000000] x86/fpu: Enabled xstate features 0x7, context size is 832 bytes, using 'standard' format.
[    0.000000] e820: BIOS-provided physical RAM map:
[    0.000000] BIOS-e820: [mem 0x0000000000000000-0x000000000009fbff] usable
[    0.000000] BIOS-e820: [mem 0x000000000009fc00-0x000000000009ffff] reserved
[    0.000000] BIOS-e820: [mem 0x00000000000f0000-0x00000000000fffff] reserved
[    0.000000] BIOS-e820: [mem 0x0000000000100000-0x00000000dffeffff] usable
[    0.000000] BIOS-e820: [mem 0x00000000dfff0000-0x00000000dfffffff] ACPI data
[    0.000000] BIOS-e820: [mem 0x00000000fec00000-0x00000000fec00fff] reserved
[    0.000000] BIOS-e820: [mem 0x00000000fee00000-0x00000000fee00fff] reserved
[    0.000000] BIOS-e820: [mem 0x00000000fffc0000-0x00000000ffffffff] reserved
[    0.000000] BIOS-e820: [mem 0x0000000100000000-0x000000011fffffff] usable
[    0.000000] NX (Execute Disable) protection: active
[    0.000000] SMBIOS 2.5 present.
[    0.000000] DMI: innotek GmbH VirtualBox/VirtualBox, BIOS VirtualBox 12/01/2006
[    0.000000] Hypervisor detected: KVM
[    0.000000] e820: last_pfn = 0x120000 max_arch_pfn = 0x400000000
[    0.000000] MTRR: Disabled
[    0.000000] x86/PAT: MTRRs disabled, skipping PAT initialization too.
[    0.000000] CPU MTRRs all blank - virtualized system.
[    0.000000] x86/PAT: Configuration [0-7]: WB  WT  UC- UC  WB  WT  UC- UC  
[    0.000000] e820: last_pfn = 0xdfff0 max_arch_pfn = 0x400000000
[    0.000000] found SMP MP-table at [mem 0x0009fff0-0x0009ffff]
[    0.000000] Scanning 1 areas for low memory corruption
[    0.000000] RAMDISK: [mem 0x35a6d000-0x36d2dfff]
[    0.000000] ACPI: Early table checksum verification disabled
[    0.000000] ACPI: RSDP 0x00000000000E0000 000024 (v02 VBOX  )
[    0.000000] ACPI: XSDT 0x00000000DFFF0030 00003C (v01 VBOX   VBOXXSDT 00000001 ASL  00000061)
[    0.000000] ACPI: FACP 0x00000000DFFF00F0 0000F4 (v04 VBOX   VBOXFACP 00000001 ASL  00000061)
[    0.000000] ACPI: DSDT 0x00000000DFFF0480 002325 (v02 VBOX   VBOXBIOS 00000002 INTL 20100528)
[    0.000000] ACPI: FACS 0x00000000DFFF0200 000040
[    0.000000] ACPI: FACS 0x00000000DFFF0200 000040
[    0.000000] ACPI: APIC 0x00000000DFFF0240 00006C (v02 VBOX   VBOXAPIC 00000001 ASL  00000061)
[    0.000000] ACPI: SSDT 0x00000000DFFF02B0 0001CC (v01 VBOX   VBOXCPUT 00000002 INTL 20100528)
[    0.000000] No NUMA configuration found
[    0.000000] Faking a node at [mem 0x0000000000000000-0x000000011fffffff]
[    0.000000] NODE_DATA(0) allocated [mem 0x11ffd1000-0x11fffbfff]
[    0.000000] kvm-clock: cpu 0, msr 1:1ff50001, primary cpu clock
[    0.000000] kvm-clock: Using msrs 4b564d01 and 4b564d00
[    0.000000] kvm-clock: using sched offset of 3290362637 cycles
[    0.000000] clocksource: kvm-clock: mask: 0xffffffffffffffff max_cycles: 0x1cd42e4dffb, max_idle_ns: 881590591483 ns
[    0.000000] Zone ranges:
[    0.000000]   DMA      [mem 0x0000000000001000-0x0000000000ffffff]
[    0.000000]   DMA32    [mem 0x0000000001000000-0x00000000ffffffff]
[    0.000000]   Normal   [mem 0x0000000100000000-0x000000011fffffff]
[    0.000000]   Device   empty
[    0.000000] Movable zone start for each node
[    0.000000] Early memory node ranges
[    0.000000]   node   0: [mem 0x0000000000001000-0x000000000009efff]
[    0.000000]   node   0: [mem 0x0000000000100000-0x00000000dffeffff]
[    0.000000]   node   0: [mem 0x0000000100000000-0x000000011fffffff]
[    0.000000] Reserved but unavailable: 98 pages
[    0.000000] Initmem setup node 0 [mem 0x0000000000001000-0x000000011fffffff]
[    0.000000] ACPI: PM-Timer IO Port: 0x4008
[    0.000000] IOAPIC[0]: apic_id 4, version 32, address 0xfec00000, GSI 0-23
[    0.000000] ACPI: INT_SRC_OVR (bus 0 bus_irq 0 global_irq 2 dfl dfl)
[    0.000000] ACPI: INT_SRC_OVR (bus 0 bus_irq 9 global_irq 9 low level)
[    0.000000] Using ACPI (MADT) for SMP configuration information
[    0.000000] smpboot: Allowing 4 CPUs, 0 hotplug CPUs
[    0.000000] PM: Registered nosave memory: [mem 0x00000000-0x00000fff]
[    0.000000] PM: Registered nosave memory: [mem 0x0009f000-0x0009ffff]
[    0.000000] PM: Registered nosave memory: [mem 0x000a0000-0x000effff]
[    0.000000] PM: Registered nosave memory: [mem 0x000f0000-0x000fffff]
[    0.000000] PM: Registered nosave memory: [mem 0xdfff0000-0xdfffffff]
[    0.000000] PM: Registered nosave memory: [mem 0xe0000000-0xfebfffff]
[    0.000000] PM: Registered nosave memory: [mem 0xfec00000-0xfec00fff]
[    0.000000] PM: Registered nosave memory: [mem 0xfec01000-0xfedfffff]
[    0.000000] PM: Registered nosave memory: [mem 0xfee00000-0xfee00fff]
[    0.000000] PM: Registered nosave memory: [mem 0xfee01000-0xfffbffff]
[    0.000000] PM: Registered nosave memory: [mem 0xfffc0000-0xffffffff]
[    0.000000] e820: [mem 0xe0000000-0xfebfffff] available for PCI devices
[    0.000000] Booting paravirtualized kernel on KVM
[    0.000000] clocksource: refined-jiffies: mask: 0xffffffff max_cycles: 0xffffffff, max_idle_ns: 7645519600211568 ns
[    0.000000] random: get_random_bytes called from start_kernel+0x99/0x4fd with crng_init=0
[    0.000000] setup_percpu: NR_CPUS:8192 nr_cpumask_bits:4 nr_cpu_ids:4 nr_node_ids:1
[    0.000000] percpu: Embedded 45 pages/cpu s147456 r8192 d28672 u524288
[    0.000000] PV qspinlock hash table entries: 256 (order: 0, 4096 bytes)
[    0.000000] Built 1 zonelists, mobility grouping on.  Total pages: 1032057
[    0.000000] Policy zone: Normal
[    0.000000] Kernel command line: BOOT_IMAGE=/boot/vmlinuz-4.15.0-88-generic root=LABEL=cloudimg-rootfs ro console=tty1 console=ttyS0
[    0.000000] Memory: 4013316K/4193848K available (12300K kernel code, 2481K rwdata, 4264K rodata, 2428K init, 2712K bss, 180532K reserved, 0K cma-reserved)
[    0.000000] SLUB: HWalign=64, Order=0-3, MinObjects=0, CPUs=4, Nodes=1
[    0.000000] ftrace: allocating 39344 entries in 154 pages
[    0.004000] Hierarchical RCU implementation.
[    0.004000] 	RCU restricting CPUs from NR_CPUS=8192 to nr_cpu_ids=4.
[    0.004000] 	Tasks RCU enabled.
[    0.004000] RCU: Adjusting geometry for rcu_fanout_leaf=16, nr_cpu_ids=4
[    0.004000] NR_IRQS: 524544, nr_irqs: 456, preallocated irqs: 16
[    0.004000] Console: colour VGA+ 80x25
[    0.004000] console [tty1] enabled
[    0.004000] console [ttyS0] enabled
[    0.004000] ACPI: Core revision 20170831
[    0.004000] ACPI: 2 ACPI AML tables successfully acquired and loaded
[    0.004000] APIC: Switch to symmetric I/O mode setup
[    0.004000] x2apic enabled
[    0.004000] Switched APIC routing to physical x2apic.
[    0.004000] ..TIMER: vector=0x30 apic1=0 pin1=2 apic2=-1 pin2=-1
[    0.004000] tsc: Detected 2592.006 MHz processor
[    0.004004] Calibrating delay loop (skipped) preset value.. 5184.01 BogoMIPS (lpj=10368024)
[    0.005103] pid_max: default: 32768 minimum: 301
[    0.005885] Security Framework initialized
[    0.006623] Yama: becoming mindful.
[    0.007151] AppArmor: AppArmor initialized
[    0.009776] Dentry cache hash table entries: 524288 (order: 10, 4194304 bytes)
[    0.011595] Inode-cache hash table entries: 262144 (order: 9, 2097152 bytes)
[    0.012013] Mount-cache hash table entries: 8192 (order: 4, 65536 bytes)
[    0.012894] Mountpoint-cache hash table entries: 8192 (order: 4, 65536 bytes)
[    0.014012] Last level iTLB entries: 4KB 64, 2MB 8, 4MB 8
[    0.014792] Last level dTLB entries: 4KB 64, 2MB 0, 4MB 0, 1GB 4
[    0.016005] Spectre V1 : Mitigation: usercopy/swapgs barriers and __user pointer sanitization
[    0.017104] Spectre V2 : Mitigation: Full generic retpoline
[    0.017855] Spectre V2 : Spectre v2 / SpectreRSB mitigation: Filling RSB on context switch
[    0.018952] Speculative Store Bypass: Vulnerable
[    0.019594] TAA: Mitigation: TSX disabled
[    0.020116] Freeing SMP alternatives memory: 36K
[    0.130778] smpboot: CPU0: Intel(R) Core(TM) i7-9850H CPU @ 2.60GHz (family: 0x6, model: 0x9e, stepping: 0xd)
[    0.132000] Performance Events: unsupported p6 CPU model 158 no PMU driver, software events only.
[    0.132000] Hierarchical SRCU implementation.
[    0.132000] NMI watchdog: Perf event create on CPU 0 failed with -2
[    0.132001] NMI watchdog: Perf NMI watchdog permanently disabled
[    0.132807] smp: Bringing up secondary CPUs ...
[    0.134254] x86: Booting SMP configuration:
[    0.134840] .... node  #0, CPUs:      #1
[    0.004000] kvm-clock: cpu 1, msr 1:1ff50041, secondary cpu clock
[    0.138960]  #2
[    0.004000] kvm-clock: cpu 2, msr 1:1ff50081, secondary cpu clock
[    0.142243]  #3
[    0.004000] kvm-clock: cpu 3, msr 1:1ff500c1, secondary cpu clock
[    0.144013] smp: Brought up 1 node, 4 CPUs
[    0.144565] smpboot: Max logical packages: 1
[    0.145217] smpboot: Total of 4 processors activated (20736.04 BogoMIPS)
[    0.146248] devtmpfs: initialized
[    0.148035] x86/mm: Memory block size: 128MB
[    0.148828] evm: security.selinux
[    0.149375] evm: security.SMACK64
[    0.149908] evm: security.SMACK64EXEC
[    0.150424] evm: security.SMACK64TRANSMUTE
[    0.151032] evm: security.SMACK64MMAP
[    0.152002] evm: security.apparmor
[    0.152476] evm: security.ima
[    0.152961] evm: security.capability
[    0.153489] clocksource: jiffies: mask: 0xffffffff max_cycles: 0xffffffff, max_idle_ns: 7645041785100000 ns
[    0.153489] futex hash table entries: 1024 (order: 4, 65536 bytes)
[    0.154161] pinctrl core: initialized pinctrl subsystem
[    0.156068] RTC time:  7:52:08, date: 03/17/20
[    0.156878] NET: Registered protocol family 16
[    0.157467] audit: initializing netlink subsys (disabled)
[    0.158076] audit: type=2000 audit(1584431534.404:1): state=initialized audit_enabled=0 res=1
[    0.158076] cpuidle: using governor ladder
[    0.160005] cpuidle: using governor menu
[    0.160583] ACPI: bus type PCI registered
[    0.161119] acpiphp: ACPI Hot Plug PCI Controller Driver version: 0.5
[    0.162056] PCI: Using configuration type 1 for base access
[    0.164008] HugeTLB registered 2.00 MiB page size, pre-allocated 0 pages
[    0.164864] ACPI: Added _OSI(Module Device)
[    0.164864] ACPI: Added _OSI(Processor Device)
[    0.165323] ACPI: Added _OSI(3.0 _SCP Extensions)
[    0.168002] ACPI: Added _OSI(Processor Aggregator Device)
[    0.168702] ACPI: Added _OSI(Linux-Dell-Video)
[    0.169447] ACPI: Added _OSI(Linux-Lenovo-NV-HDMI-Audio)
[    0.170217] ACPI: Added _OSI(Linux-HPI-Hybrid-Graphics)
[    0.171298] ACPI: Executed 1 blocks of module-level executable AML code
[    0.174260] ACPI: Interpreter enabled
[    0.174787] ACPI: (supports S0 S5)
[    0.175259] ACPI: Using IOAPIC for interrupt routing
[    0.176156] PCI: Using host bridge windows from ACPI; if necessary, use "pci=nocrs" and report a bug
[    0.177426] ACPI: Enabled 2 GPEs in block 00 to 07
[    0.182826] ACPI: PCI Root Bridge [PCI0] (domain 0000 [bus 00-ff])
[    0.183705] acpi PNP0A03:00: _OSC: OS supports [ASPM ClockPM Segments MSI]
[    0.184337] acpi PNP0A03:00: _OSC: not requesting OS control; OS requires [ExtendedConfig ASPM ClockPM MSI]
[    0.185622] acpi PNP0A03:00: fail to add MMCONFIG information, can't access extended PCI configuration space under this bridge.
[    0.188218] PCI host bridge to bus 0000:00
[    0.188842] pci_bus 0000:00: root bus resource [io  0x0000-0x0cf7 window]
[    0.189767] pci_bus 0000:00: root bus resource [io  0x0d00-0xffff window]
[    0.190715] pci_bus 0000:00: root bus resource [mem 0x000a0000-0x000bffff window]
[    0.191969] pci_bus 0000:00: root bus resource [mem 0xe0000000-0xfdffffff window]
[    0.192002] pci_bus 0000:00: root bus resource [bus 00-ff]
[    0.194032] pci 0000:00:01.1: legacy IDE quirk: reg 0x10: [io  0x01f0-0x01f7]
[    0.195089] pci 0000:00:01.1: legacy IDE quirk: reg 0x14: [io  0x03f6]
[    0.196001] pci 0000:00:01.1: legacy IDE quirk: reg 0x18: [io  0x0170-0x0177]
[    0.197031] pci 0000:00:01.1: legacy IDE quirk: reg 0x1c: [io  0x0376]
[    0.232090] pci 0000:00:07.0: quirk: [io  0x4000-0x403f] claimed by PIIX4 ACPI
[    0.233072] pci 0000:00:07.0: quirk: [io  0x4100-0x410f] claimed by PIIX4 SMB
[    0.242139] ACPI: PCI Interrupt Link [LNKA] (IRQs 5 9 10 *11)
[    0.244053] ACPI: PCI Interrupt Link [LNKB] (IRQs 5 9 *10 11)
[    0.244889] ACPI: PCI Interrupt Link [LNKC] (IRQs 5 *9 10 11)
[    0.245712] ACPI: PCI Interrupt Link [LNKD] (IRQs 5 9 10 *11)
[    0.246737] SCSI subsystem initialized
[    0.247277] pci 0000:00:02.0: vgaarb: setting as boot VGA device
[    0.247277] pci 0000:00:02.0: vgaarb: VGA device added: decodes=io+mem,owns=io+mem,locks=none
[    0.248006] pci 0000:00:02.0: vgaarb: bridge control possible
[    0.248868] vgaarb: loaded
[    0.249300] ACPI: bus type USB registered
[    0.249865] usbcore: registered new interface driver usbfs
[    0.252011] usbcore: registered new interface driver hub
[    0.252725] usbcore: registered new device driver usb
[    0.253480] EDAC MC: Ver: 3.0.0
[    0.253480] PCI: Using ACPI for IRQ routing
[    0.253480] NetLabel: Initializing
[    0.256001] NetLabel:  domain hash size = 128
[    0.256591] NetLabel:  protocols = UNLABELED CIPSOv4 CALIPSO
[    0.257625] NetLabel:  unlabeled traffic allowed by default
[    0.258391] clocksource: Switched to clocksource kvm-clock
[    0.265466] VFS: Disk quotas dquot_6.6.0
[    0.266064] VFS: Dquot-cache hash table entries: 512 (order 0, 4096 bytes)
[    0.266974] AppArmor: AppArmor Filesystem Enabled
[    0.267602] pnp: PnP ACPI init
[    0.268887] pnp: PnP ACPI: found 3 devices
[    0.277265] clocksource: acpi_pm: mask: 0xffffff max_cycles: 0xffffff, max_idle_ns: 2085701024 ns
[    0.278391] NET: Registered protocol family 2
[    0.279054] TCP established hash table entries: 32768 (order: 6, 262144 bytes)
[    0.280001] TCP bind hash table entries: 32768 (order: 7, 524288 bytes)
[    0.281657] TCP: Hash tables configured (established 32768 bind 32768)
[    0.282503] UDP hash table entries: 2048 (order: 4, 65536 bytes)
[    0.283251] UDP-Lite hash table entries: 2048 (order: 4, 65536 bytes)
[    0.284075] NET: Registered protocol family 1
[    0.284900] pci 0000:00:00.0: Limiting direct PCI/PCI transfers
[    0.285809] pci 0000:00:01.0: Activating ISA DMA hang workarounds
[    0.286605] pci 0000:00:02.0: Video device with shadowed ROM at [mem 0x000c0000-0x000dffff]
[    0.287692] Unpacking initramfs...
[    0.515518] Freeing initrd memory: 19204K
[    0.516256] PCI-DMA: Using software bounce buffering for IO (SWIOTLB)
[    0.517141] software IO TLB: mapped [mem 0xdbff0000-0xdfff0000] (64MB)
[    0.518054] clocksource: tsc: mask: 0xffffffffffffffff max_cycles: 0x255cbc978bf, max_idle_ns: 440795251759 ns
[    0.519395] platform rtc_cmos: registered platform RTC device (no PNP device found)
[    0.520211] Scanning for low memory corruption every 60 seconds
[    0.521681] Initialise system trusted keyrings
[    0.522289] Key type blacklist registered
[    0.523338] workingset: timestamp_bits=36 max_order=20 bucket_order=0
[    0.524787] zbud: loaded
[    0.525575] squashfs: version 4.0 (2009/01/31) Phillip Lougher
[    0.526504] fuse init (API version 7.26)
[    0.529198] Key type asymmetric registered
[    0.529741] Asymmetric key parser 'x509' registered
[    0.530370] Block layer SCSI generic (bsg) driver version 0.4 loaded (major 246)
[    0.531346] io scheduler noop registered
[    0.531844] io scheduler deadline registered
[    0.532493] io scheduler cfq registered (default)
[    0.533478] ACPI: AC Adapter [AC] (on-line)
[    0.535467] input: Power Button as /devices/LNXSYSTM:00/LNXPWRBN:00/input/input0
[    0.536559] ACPI: Power Button [PWRF]
[    0.537074] input: Sleep Button as /devices/LNXSYSTM:00/LNXSLPBN:00/input/input1
[    0.537983] ACPI: Sleep Button [SLPF]
[    0.539322] ACPI: Battery Slot [BAT0] (battery present)
[    0.540001] Serial: 8250/16550 driver, 32 ports, IRQ sharing enabled
[    0.561269] 00:02: ttyS0 at I/O 0x3f8 (irq = 4, base_baud = 115200) is a 16550A
[    0.564615] Linux agpgart interface v0.103
[    0.566280] loop: module loaded
[    0.567075] scsi host0: ata_piix
[    0.567831] scsi host1: ata_piix
[    0.568616] ata1: PATA max UDMA/33 cmd 0x1f0 ctl 0x3f6 bmdma 0xd000 irq 14
[    0.569359] ata2: PATA max UDMA/33 cmd 0x170 ctl 0x376 bmdma 0xd008 irq 15
[    0.570144] libphy: Fixed MDIO Bus: probed
[    0.570629] tun: Universal TUN/TAP device driver, 1.6
[    0.571403] PPP generic driver version 2.4.2
[    0.572110] ehci_hcd: USB 2.0 'Enhanced' Host Controller (EHCI) Driver
[    0.572916] ehci-pci: EHCI PCI platform driver
[    0.573489] ehci-platform: EHCI generic platform driver
[    0.574190] ohci_hcd: USB 1.1 'Open' Host Controller (OHCI) Driver
[    0.574947] ohci-pci: OHCI PCI platform driver
[    0.575511] ohci-platform: OHCI generic platform driver
[    0.576313] uhci_hcd: USB Universal Host Controller Interface driver
[    0.577142] i8042: PNP: PS/2 Controller [PNP0303:PS2K,PNP0f03:PS2M] at 0x60,0x64 irq 1,12
[    0.578527] serio: i8042 KBD port at 0x60,0x64 irq 1
[    0.579183] serio: i8042 AUX port at 0x60,0x64 irq 12
[    0.580227] mousedev: PS/2 mouse device common for all mice
[    0.581426] rtc_cmos rtc_cmos: rtc core: registered rtc_cmos as rtc0
[    0.582251] rtc_cmos rtc_cmos: alarms up to one day, 114 bytes nvram
[    0.583116] input: AT Translated Set 2 keyboard as /devices/platform/i8042/serio0/input/input2
[    0.584346] i2c /dev entries driver
[    0.585163] device-mapper: uevent: version 1.0.3
[    0.585963] device-mapper: ioctl: 4.37.0-ioctl (2017-09-20) initialised: dm-devel@redhat.com
[    0.587196] ledtrig-cpu: registered to indicate activity on CPUs
[    0.588370] NET: Registered protocol family 10
[    0.592727] Segment Routing with IPv6
[    0.593179] NET: Registered protocol family 17
[    0.593852] Key type dns_resolver registered
[    0.594768] mce: Using 0 MCE banks
[    0.595203] RAS: Correctable Errors collector initialized.
[    0.595873] sched_clock: Marking stable (594751547, 0)->(787957997, -193206450)
[    0.598135] registered taskstats version 1
[    0.598603] Loading compiled-in X.509 certificates
[    0.600683] Loaded X.509 cert 'Build time autogenerated kernel key: f0020782f0d3a548186fb3f47aed88387a71e859'
[    0.602073] zswap: loaded using pool lzo/zbud
[    0.605299] Key type big_key registered
[    0.605789] Key type trusted registered
[    0.607219] Key type encrypted registered
[    0.607677] AppArmor: AppArmor sha1 policy hashing enabled
[    0.608425] ima: No TPM chip found, activating TPM-bypass! (rc=-19)
[    0.609179] ima: Allocated hash algorithm: sha1
[    0.609690] evm: HMAC attrs: 0x1
[    0.610201]   Magic number: 12:338:875
[    0.610753] rtc_cmos rtc_cmos: setting system clock to 2020-03-17 07:52:09 UTC (1584431529)
[    0.611781] BIOS EDD facility v0.16 2004-Jun-25, 0 devices found
[    0.612532] EDD information not available.
[    1.023153] Freeing unused kernel image memory: 2428K
[    1.507850] Write protecting the kernel read-only data: 20480k
[    1.512230] Freeing unused kernel image memory: 2008K
[    1.513595] Freeing unused kernel image memory: 1880K
[    1.520899] x86/mm: Checked W+X mappings: passed, no W+X pages found.
Loading, please wait...
starting version 237
[    1.556409] e1000: Intel(R) PRO/1000 Network Driver - version 7.3.21-k8-NAPI
[    1.557338] e1000: Copyright (c) 1999-2006 Intel Corporation.
[    1.558299] Fusion MPT base driver 3.04.20
[    1.558914] Copyright (c) 1999-2008 LSI Corporation
[    1.562869] Fusion MPT SPI Host driver 3.04.20
[    1.573758] AVX2 version of gcm_enc/dec engaged.
[    1.574418] AES CTR mode by8 optimization enabled
[    1.790086] input: ImExPS/2 Generic Explorer Mouse as /devices/platform/i8042/serio1/input/input4
[    2.012475] e1000 0000:00:03.0 eth0: (PCI:33MHz:32-bit) 02:fa:82:eb:a2:e9
[    2.013897] e1000 0000:00:03.0 eth0: Intel(R) PRO/1000 Network Connection
[    2.016250] mptbase: ioc0: Initiating bringup
[    2.017952] e1000 0000:00:03.0 enp0s3: renamed from eth0
[    3.999021] ioc0: LSI53C1030 A0: Capabilities={Initiator}
[    6.426052] scsi host2: ioc0: LSI53C1030 A0, FwRev=00000000h, Ports=1, MaxQ=256, IRQ=20
[    8.118029] scsi 2:0:0:0: Direct-Access     VBOX     HARDDISK         1.0  PQ: 0 ANSI: 5
[    8.209056] scsi target2:0:0: Beginning Domain Validation
[    8.211571] scsi target2:0:0: Domain Validation skipping write tests
[    8.212461] scsi target2:0:0: Ending Domain Validation
[    8.213285] scsi target2:0:0: asynchronous
[    8.214106] scsi 2:0:1:0: Direct-Access     VBOX     HARDDISK         1.0  PQ: 0 ANSI: 5
[    8.519764] scsi target2:0:1: Beginning Domain Validation
[    8.526535] random: fast init done
[    8.528330] scsi target2:0:1: Domain Validation skipping write tests
[    8.530820] scsi target2:0:1: Ending Domain Validation
[    8.533137] scsi target2:0:1: asynchronous
[    8.542383] random: systemd-udevd: uninitialized urandom read (16 bytes read)
[    8.542968] sd 2:0:0:0: Attached scsi generic sg0 type 0
[    8.543912] random: systemd-udevd: uninitialized urandom read (16 bytes read)
[    8.545619] sd 2:0:1:0: Attached scsi generic sg1 type 0
[    8.546552] random: systemd-udevd: uninitialized urandom read (16 bytes read)
[    8.546601] sd 2:0:0:0: [sda] 20971520 512-byte logical blocks: (10.7 GB/10.0 GiB)
[    8.547867] sd 2:0:0:0: [sda] Write Protect is off
[    8.549079] sd 2:0:1:0: [sdb] 20480 512-byte logical blocks: (10.5 MB/10.0 MiB)
[    8.550550] sd 2:0:1:0: [sdb] Write Protect is off
[    8.551883] sd 2:0:0:0: [sda] Incomplete mode parameter data
[    8.553481] sd 2:0:0:0: [sda] Assuming drive cache: write through
[    8.553824] sd 2:0:1:0: [sdb] Incomplete mode parameter data
[    8.555007] sd 2:0:1:0: [sdb] Assuming drive cache: write through
[    8.564497]  sda: sda1
[    8.566542] sd 2:0:0:0: [sda] Attached SCSI disk
[    8.567036] sd 2:0:1:0: [sdb] Attached SCSI disk
Begin: Loading essential drivers ... [    9.945422] raid6: sse2x1   gen() 14427 MB/s
[    9.992227] raid6: sse2x1   xor()  8299 MB/s
[   10.040683] raid6: sse2x2   gen() 17672 MB/s
[   10.088886] raid6: sse2x2   xor() 11364 MB/s
[   10.136703] raid6: sse2x4   gen() 17629 MB/s
[   10.184645] raid6: sse2x4   xor() 10874 MB/s
[   10.232453] raid6: avx2x1   gen() 27931 MB/s
[   10.280232] raid6: avx2x1   xor() 16390 MB/s
[   10.328092] raid6: avx2x2   gen() 31696 MB/s
[   10.376015] raid6: avx2x2   xor() 21181 MB/s
[   10.424715] raid6: avx2x4   gen() 36417 MB/s
[   10.472567] raid6: avx2x4   xor() 22552 MB/s
[   10.473214] raid6: using algorithm avx2x4 gen() 36417 MB/s
[   10.473916] raid6: .... xor() 22552 MB/s, rmw enabled
[   10.474577] raid6: using avx2x2 recovery algorithm
[   10.476426] xor: automatically using best checksumming function   avx       
[   10.478464] async_tx: api initialized (async)
done.
Begin: Running /scripts/init-premount ... done.
Begin: Mounting root file system ... Begin: Running /scripts/local-top ... done.
Begin: Running /scripts/local-premount ... [   10.509522] Btrfs loaded, crc32c=crc32c-intel
Scanning for Btrfs filesystems
done.
Warning: fsck not present, so skipping root file system
[   10.537053] EXT4-fs (sda1): mounted filesystem with ordered data mode. Opts: (null)
done.
Begin: Running /scripts/local-bottom ... done.
Begin: Running /scripts/init-bottom ... done.
[   11.091693] ip_tables: (C) 2000-2006 Netfilter Core Team
[   11.098269] systemd[1]: systemd 237 running in system mode. (+PAM +AUDIT +SELINUX +IMA +APPARMOR +SMACK +SYSVINIT +UTMP +LIBCRYPTSETUP +GCRYPT +GNUTLS +ACL +XZ +LZ4 +SECCOMP +BLKID +ELFUTILS +KMOD -IDN2 +IDN -PCRE2 default-hierarchy=hybrid)
[   11.100841] systemd[1]: Detected virtualization oracle.
[   11.101418] systemd[1]: Detected architecture x86-64.

Welcome to [1mUbuntu 18.04.4 LTS[0m!

[   11.517990] systemd[1]: Set hostname to <ubuntu>.
[   11.522506] systemd[1]: Initializing machine ID from random generator.
[   11.523238] systemd[1]: Installed transient /etc/machine-id file.
[   12.200439] systemd[1]: Created slice System Slice.
[[0;32m  OK  [0m] Created slice System Slice.
[   12.508112] systemd[1]: Listening on LVM2 metadata daemon socket.
[[0;32m  OK  [0m] Listening on LVM2 metadata daemon socket.
[   12.511896] systemd[1]: Listening on Journal Audit Socket.
[[0;32m  OK  [0m] Listening on Journal Audit Socket.
[   12.515708] systemd[1]: Listening on Journal Socket (/dev/log).
[[0;32m  OK  [0m] Listening on Journal Socket (/dev/log).
[[0;32m  OK  [0m] Listening on /dev/initctl Compatibility Named Pipe.
[[0;32m  OK  [0m] Set up automount Arbitrary Executab…rmats File System Automount Point.
[[0;32m  OK  [0m] Created slice User and Session Slice.
[[0;32m  OK  [0m] Listening on Network Service Netlink Socket.
[[0;32m  OK  [0m] Listening on udev Kernel Socket.
[[0;32m  OK  [0m] Listening on LVM2 poll daemon socket.
[[0;32m  OK  [0m] Started Forward Password Requests to Wall Directory Watch.
[[0;32m  OK  [0m] Listening on Journal Socket.
         Mounting Huge Pages File System...
         Starting Load Kernel Modules...
         Starting Set the console keyboard layout...
         Mounting Kernel Debug File System...
         Mounting POSIX Message Queue File System...
[[0;32m  OK  [0m] Reached target System Time Synchronized.
[   13.174998] Loading iSCSI transport class v2.0-870.
[[0;32m  OK  [0m] Reached target Swap.
[[0;32m  OK  [0m] Listening on Device-mapper event daemon FIFOs.
         Starting Monitoring of LVM2 mirrors…ng dmeventd or progress polling...
[   13.181934] iscsi: registered transport (tcp)
[[0;32m  OK  [0m] Listening on udev Control Socket.
         Starting udev Coldplug all Devices...
[[0;32m  OK  [0m] Created slice system-serial\x2dgetty.slice.
[   13.514361] iscsi: registered transport (iser)
[[0;32m  OK  [0m] Reached target Slices.
         Starting Uncomplicated firewall...
         Starting Remount Root and Kernel File Systems...
         Starting Create list of required st…ce nodes for the current kernel...
[[0;32m  OK  [0m] Listening on Syslog Socket.
         Startin[   13.550294] EXT4-fs (sda1): re-mounted. Opts: (null)
g Journal Service...
[[0;32m  OK  [0m] Reached target User and Group Name Lookups.
[[0;32m  OK  [0m] Mounted Huge Pages File System.
[[0;32m  OK  [0m] Started Load Kernel Modules.
[[0;32m  OK  [0m] Mounted Kernel Debug File System.
[[0;32m  OK  [0m] Mounted POSIX Message Queue File System.
[[0;32m  OK  [0m] Started Uncomplicated firewall.
[[0;32m  OK  [0m] Started Remount Root and Kernel File Systems.
[[0;32m  OK  [0m] Started Create list of required sta…vice nodes for the current kernel.
[[0;32m  OK  [0m] Started LVM2 metadata daemon.
         Starting Create Static Device Nodes in /dev...
         Starting Load/Save Random Seed...
         Starting Apply Kernel Variables...
         Mounting FUSE Control File System...
         Mounting Kernel Configuration File System...
[[0;32m  OK  [0m] Started Set the console keyboard layout.
[[0;32m  OK  [0m] Started Monitoring of LVM2 mirrors,…sing dmeventd or progress polling.
[[0;32m  OK  [0m] Started Journal Service.
[[0;32m  OK  [0m] Started udev Coldplug all Devices.
[[0;32m  OK  [0m] Started Create Static Device Nodes in /dev.
[[0;32m  OK  [0m] Started Load/Save Random Seed.
[[0;32m  OK  [0m] Started Apply Kernel Variables.
[[0;32m  OK  [0m] Mounted FUSE Control File System.
[[0;32m  OK  [0m] Mounted Kernel Configuration File System.
         Starting udev Kernel Device Manager...
         Starting Flush Journal to Persistent Storage...
[[0;32m  OK  [0m] Reached target Local File Systems (Pre).
[[0;32m  OK  [0m] Reached target Local File Systems.
         Starting AppArmor initialization...
         Starting ebtables ruleset management...
         Starting Commit a transient machine-id on disk...
         Starting Set console font and keymap...
         Starting Tell Plymouth To Write Out Runtime Data...
[[0;32m  OK  [0m] Started udev Kernel Device Manager.
[[0;32m  OK  [0m] Started Dispatch Password Requests to Console Directory Watch.
[[0;32m  OK  [0m] Reached target Local Encrypted Volumes.
[[0;32m  OK  [0m] Started Set console font and keymap.
[[0;32m  OK  [0m] Started Tell Plymouth To Write Out Runtime Data.
[[0;32m  OK  [0m] Started Flush Journal to Persistent Storage.
         Starting Create Volatile Files and Directories...
[[0;32m  OK  [0m] Found device /dev/ttyS0.
[[0;32m  OK  [0m] Started Commit a transient machine-id on disk.
[[0;32m  OK  [0m] Started ebtables ruleset management.
[[0;32m  OK  [0m] Started Create Volatile Files and Directories.
[[0;32m  OK  [0m] Listening on Load/Save RF Kill Switch Status /dev/rfkill Watch.
         Starting Update UTMP about System Boot/Shutdown...
[[0;32m  OK  [0m] Started Update UTMP about System Boot/Shutdown.
[[0;32m  OK  [0m] Started AppArmor initialization.
         Starting Initial cloud-init job (pre-networking)...
[   14.909628] cloud-init[597]: Cloud-init v. 19.4-33-gbb4131a2-0ubuntu1~18.04.1 running 'init-local' at Tue, 17 Mar 2020 07:52:23 +0000. Up 14.67 seconds.
[[0;32m  OK  [0m] Started Initial cloud-init job (pre-networking).
[[0;32m  OK  [0m] Reached target Network (Pre).
         Starting Network Service...
[[0;32m  OK  [0m] Started Network Service.
         Starting Wait for Network to be Configured...
         Starting Network Name Resolution...
[[0;32m  OK  [0m] Started Network Name Resolution.
[[0;32m  OK  [0m] Reached target Host and Network Name Lookups.
[[0;32m  OK  [0m] Reached target Network.
[[0;32m  OK  [0m] Started Wait for Network to be Configured.
         Starting Initial cloud-init job (metadata service crawler)...
[   17.327019] cloud-init[710]: Cloud-init v. 19.4-33-gbb4131a2-0ubuntu1~18.04.1 running 'init' at Tue, 17 Mar 2020 07:52:26 +0000. Up 17.23 seconds.
[   17.340398] cloud-init[710]: ci-info: ++++++++++++++++++++++++++++++++++++++Net device info++++++++++++++++++++++++++++++++++++++
[   17.356160] cloud-init[710]: ci-info: +--------+------+----------------------------+---------------+--------+-------------------+
[   17.368210] cloud-init[710]: ci-info: | Device |  Up  |          Address           |      Mask     | Scope  |     Hw-Address    |
[   17.384699] cloud-init[710]: ci-info: +--------+------+----------------------------+---------------+--------+-------------------+
[   17.396349] cloud-init[710]: ci-info: | enp0s3 | True |         10.0.2.15          | 255.255.255.0 | global | 02:fa:82:eb:a2:e9 |
[   17.412160] cloud-init[710]: ci-info: | enp0s3 | True | fe80::fa:82ff:feeb:a2e9/64 |       .       |  link  | 02:fa:82:eb:a2:e9 |
[   17.413132] cloud-init[710]: ci-info: |   lo   | True |         127.0.0.1          |   255.0.0.0   |  host  |         .         |
[   17.414007] cloud-init[710]: ci-info: |   lo   | True |          ::1/128           |       .       |  host  |         .         |
[   17.414998] cloud-init[710]: ci-info: +--------+------+----------------------------+---------------+--------+-------------------+
[   17.416044] cloud-init[710]: ci-info: ++++++++++++++++++++++++++++Route IPv4 info+++++++++++++++++++++++++++++
[   17.416919] cloud-init[710]: ci-info: +-------+-------------+----------+-----------------+-----------+-------+
[   17.417815] cloud-init[710]: ci-info: | Route | Destination | Gateway  |     Genmask     | Interface | Flags |
[   17.418613] cloud-init[710]: ci-info: +-------+-------------+----------+-----------------+-----------+-------+
[   17.419414] cloud-init[710]: ci-info: |   0   |   0.0.0.0   | 10.0.2.2 |     0.0.0.0     |   enp0s3  |   UG  |
[   17.420315] cloud-init[710]: ci-info: |   1   |   10.0.2.0  | 0.0.0.0  |  255.255.255.0  |   enp0s3  |   U   |
[   17.421123] cloud-init[710]: ci-info: |   2   |   10.0.2.2  | 0.0.0.0  | 255.255.255.255 |   enp0s3  |   UH  |
[   17.421883] cloud-init[710]: ci-info: +-------+-------------+----------+-----------------+-----------+-------+
[   17.422628] cloud-init[710]: ci-info: +++++++++++++++++++Route IPv6 info+++++++++++++++++++
[   17.423257] cloud-init[710]: ci-info: +-------+-------------+---------+-----------+-------+
[   17.423925] cloud-init[710]: ci-info: | Route | Destination | Gateway | Interface | Flags |
[   17.424684] cloud-init[710]: ci-info: +-------+-------------+---------+-----------+-------+
[   17.426105] cloud-init[710]: ci-info: |   1   |  fe80::/64  |    ::   |   enp0s3  |   U   |
[   17.427139] cloud-init[710]: ci-info: |   3   |    local    |    ::   |   enp0s3  |   U   |
[   17.427806] cloud-init[710]: ci-info: |   4   |   ff00::/8  |    ::   |   enp0s3  |   U   |
[   17.428486] cloud-init[710]: ci-info: +-------+-------------+---------+-----------+-------+
[   17.879278] cloud-init[710]: Generating public/private rsa key pair.
[   17.892197] cloud-init[710]: Your identification has been saved in /etc/ssh/ssh_host_rsa_key.
[   17.905284] cloud-init[710]: Your public key has been saved in /etc/ssh/ssh_host_rsa_key.pub.
[[   17.921213] [0;32m  OK  [0mcloud-init] [710]: Started Initial cloud-init job (metadata service crawler).The key fingerprint is:

[   17.921352] cloud-init[710]: SHA256:uZCkecOSvlMSTsV/FqvuNXQiHLFaQT8JXeb5NkberUs root@ubuntu-bionic
[[   17.948785] [0;32m  OK  [0mcloud-init] [710]: Reached target Network is Online.The key's randomart image is:

[   17.949825] cloud-init[710]: +---[RSA 2048]----+
[   17.960091] cloud-init[710]: |     . .=. .o    |
         [   17.960162] Starting Availability of block devices...cloud-init
[710]: |      o  *o+ .   |
[   17.960944] cloud-init[710]: |     ...+ +oo .  |
[[   17.960992] [0;32m  OK  [0mcloud-init] [710]: Reached target Remote File Systems (Pre).|    o* =.o+. + ..|

[   17.961034] cloud-init[710]: |   o=.B S+o . * o|
[[   17.962255] cloud-init[710]: |   .oo.o.+ o o o |
[   17.962306] cloud-init[710]: |    .o .. o   E  |
[   17.962587] cloud-init[710]: |    ..  .. . . . |
[   17.962870] cloud-init[710]: |    .. ..     .  |
[   17.963142] cloud-init[710]: +----[SHA256]-----+
[   17.963423] cloud-init[710]: Generating public/private dsa key pair.
[   17.963698] cloud-init[710]: Your identification has been saved in /etc/ssh/ssh_host_dsa_key.
[   17.963984] cloud-init[710]: Your public key has been saved in /etc/ssh/ssh_host_dsa_key.pub.
[   17.964272] cloud-init[710]: The key fingerprint is:
[   17.964544] cloud-init[710]: SHA256:7+TnELlKL0eDLfYnoQ7TveY06mrt/V8X51wROd8MRqw root@ubuntu-bionic
[0;32m  OK  [0m] Reached target Remote File Systems.
[   17.964839] cloud-init[710]: The key's randomart image is:
[   17.967530] cloud-init[710]: +---[DSA 1024]----+
[[   17.967993] cloud-init[710]: |             o...|
[   17.968088] cloud-init[710]: |              +o.|
[   17.968361] cloud-init[710]: |             o ++|
[   17.968641] cloud-init[710]: |           .E   =|
[0;32m  OK  [0m] Reached target Cloud-config availability.
[[   17.969003] cloud-init[710]: |        Soo    .o|
[   17.969998] cloud-init[710]: |       .+o=o   o+|
[   17.970272] cloud-init[710]: |      ooo=Oo    =|
[   17.970554] cloud-init[710]: |      .++X=+o  ..|
[   17.970821] cloud-init[710]: |     ..=*=B*o..  |
[0;32m  OK  [0m] Reached target System Initialization.
[   17.970874] cloud-init[710]: +----[SHA256]-----+
[   17.984947] cloud-init[710]: Generating public/private ecdsa key pair.
[[   17.985002] [0;32m  OK  [0mcloud-init] [710]: Started ACPI Events Check.Your identification has been saved in /etc/ssh/ssh_host_ecdsa_key.

[   17.986129] cloud-init[710]: Your public key has been saved in /etc/ssh/ssh_host_ecdsa_key.pub.
[[   17.986176] [0;32m  OK  [0mcloud-init] [710]: The key fingerprint is:Listening on UUID daemon activation socket.

[   17.986211] cloud-init[710]: SHA256:pjFA2ZI6yFAXQmFpu0RhEKAD6pIeL88OxrsRMfNFTiA root@ubuntu-bionic
[   17.988148] cloud-init[710]: The key's randomart image is:
[   17.988591] cloud-init[710]: +---[ECDSA 256]---+
[   17.988998] cloud-init[710]: |*EO==B           |
[   17.989404] cloud-init[710]: |=o=+B .          |
[   17.989788] cloud-init[710]: |*B o.+           |
[   17.990168] cloud-init[710]: |o+X ..           |
[   17.990542] cloud-init[710]: |o= +  o S        |
[   18.000581] cloud-init[710]: |+ =    =         |
[   18.000653] cloud-init         [710]: Starting Socket activation for snappy daemon.| B .  .          |

[   18.001586] cloud-init[710]: |. B              |
[[0;32m  OK  [0m] Listening on Open-iSCSI iscsid Socket.
[[   18.001667] [0;32m  OK  [0mcloud-init] [710]: Reached target Paths.| oo+             |

[   18.002828] cloud-init[710]: +----[SHA256]-----+
[[   18.002870] [0;32m  OK  [0mcloud-init] [710]: Started Daily apt download activities.Generating public/private ed25519 key pair.

[   18.003831] cloud-init[710]: Your identification has been saved in /etc/ssh/ssh_host_ed25519_key.
[   18.003874] cloud-init[710]: Your public key has been saved in /etc/ssh/ssh_host_ed25519_key.pub.
[   18.004274] cloud-init[710]: The key fingerprint is:
[   18.004553] cloud-init[710]: SHA256:y4eI35JHzecSoD54SCX8AGBvFimJPoIxG9thPbiWScE root@ubuntu-bionic
[   18.004830] cloud-init[710]: The key's randomart image is:
[   18.005109] cloud-init[710]: +--[ED25519 256]--+
[   18.005399] cloud-init[710]: |o+o=.            |
[   18.005674] cloud-init[710]: |*oE.+            |
[   18.005952] cloud-init[710]: |oX.@ .           |
[   18.006234] cloud-init[710]: |=oO + . .        |
[   18.006538] cloud-init[710]: |...  = .S+       |
[   18.006811] cloud-init[710]: |    ..oo.o+ .    |
[   18.007091] cloud-init[710]: |   ..+.o+ .+     |
[   18.007380] cloud-init[710]: |    o.*.... .    |
[   18.007731] cloud-init[710]: |     ..+.  .     |
[   18.008140] cloud-init[710]: +----[SHA256]-----+
[[0;32m  OK  [0m] Started Daily apt upgrade and clean activities.
[[0;32m  OK  [0m] Started Discard unused blocks once a week.
[[0;32m  OK  [0m] Listening on D-Bus System Message Bus Socket.
[[0;32m  OK  [0m] Listening on ACPID Listen Socket.
[[0;32m  OK  [0m] Started Message of the Day.
         Starting LXD - unix socket.
[[0;32m  OK  [0m] Started Daily Cleanup of Temporary Directories.
[[0;32m  OK  [0m] Reached target Timers.
[[0;32m  OK  [0m] Started Availability of block devices.
[[0;32m  OK  [0m] Listening on Socket activation for snappy daemon.
[[0;32m  OK  [0m] Listening on LXD - unix socket.
[[0;32m  OK  [0m] Reached target Sockets.
[[0;32m  OK  [0m] Reached target Basic System.
[[0;32m  OK  [0m] Started D-Bus System Message Bus.
[[0;32m  OK  [0m] Started FUSE filesystem for LXC.
[[0;32m  OK  [0m] Started Regular background program processing daemon.
         Starting LSB: Record successful boot for GRUB...
         Starting Snappy daemon...
         Starting Permit User Sessions...
         Starting Dispatcher daemon for systemd-networkd...
[[0;32m  OK  [0m] Started Deferred execution scheduler.
         Starting LXD - container startup/shutdown...
         Starting Pollinate to seed the pseudo random number generator...
         Starting Accounts Service...
         Starting Login Service...
[[0;32m  OK  [0m] Started irqbalance daemon.
         Starting LSB: automatic crash report generation...
         Starting Virtualbox guest utils...
         Starting System Logging Service...
[[0;32m  OK  [0m] Started Permit User Sessions.
[[0;32m  OK  [0m] Started Login Service.
[[0;32m  OK  [0m] Started Unattended Upgrades Shutdown.
         Starting Authorization Manager...
         Starting Terminate Plymouth Boot Screen...
         Starting Hold until boot process finishes up...
[[0;32m  OK  [0m] Started Terminate Plymouth Boot Screen.
[[0;32m  OK  [0m] Started Hold until boot process finishes up.
         Starting Set console scheme...
[[0;32m  OK  [0m] Started Serial Getty on ttyS0.
[[0;32m  OK  [0m] Started Authorization Manager.
[[0;32m  OK  [0m] Started Accounts Service.
[[0;32m  OK  [0m] Started Set console scheme.
[[0;32m  OK  [0m] Created slice system-getty.slice.
[[0;32m  OK  [0m] Started Getty on tty1.
[[0;32m  OK  [0m] Reached target Login Prompts.
[[0;32m  OK  [0m] Started LSB: Record successful boot for GRUB.
[[0;32m  OK  [0m] Started LSB: automatic crash report generation.
[[0;32m  OK  [0m] Started LXD - container startup/shutdown.
[[0;32m  OK  [0m] Started Dispatcher daemon for systemd-networkd.
[[0;32m  OK  [0m] Started System Logging Service.
[[0;32m  OK  [0m] Started Virtualbox guest utils.
[[0;32m  OK  [0m] Started Snappy daemon.
         Starting Wait until snapd is fully seeded...
[[0;32m  OK  [0m] Started Pollinate to seed the pseudo random number generator.
         Starting OpenBSD Secure Shell server...
[[0;32m  OK  [0m] Started OpenBSD Secure Shell server.
[[0;32m  OK  [0m] Created slice User Slice of vagrant.
         Starting User Manager for UID 1000...
[[0;32m  OK  [0m] Started Session 1 of user vagrant.
[[0;32m  OK  [0m] Started User Manager for UID 1000.
[[0;32m  OK  [0m] Started Wait until snapd is fully seeded.
         Starting Apply the settings specified in cloud-config...
[[0;32m  OK  [0m] Reached target Multi-User System.
[[0;32m  OK  [0m] Reached target Graphical Interface.
         Starting Update UTMP about System Runlevel Changes...
[[0;32m  OK  [0m] Started Update UTMP about System Runlevel Changes.
[   20.718128] cloud-init[1417]: Cloud-init v. 19.4-33-gbb4131a2-0ubuntu1~18.04.1 running 'modules:config' at Tue, 17 Mar 2020 07:52:29 +0000. Up 20.43 seconds.
[[0;32m  OK  [0m] Started Apply the settings specified in cloud-config.
         Starting Execute cloud user/final scripts...
ci-info: no authorized SSH keys fingerprints found for user ubuntu.
<14>Mar 17 07:52:29 ec2: 
<14>Mar 17 07:52:29 ec2: #############################################################
<14>Mar 17 07:52:29 ec2: -----BEGIN SSH HOST KEY FINGERPRINTS-----
<14>Mar 17 07:52:29 ec2: 1024 SHA256:7+TnELlKL0eDLfYnoQ7TveY06mrt/V8X51wROd8MRqw root@ubuntu-bionic (DSA)
<14>Mar 17 07:52:29 ec2: 256 SHA256:pjFA2ZI6yFAXQmFpu0RhEKAD6pIeL88OxrsRMfNFTiA root@ubuntu-bionic (ECDSA)
<14>Mar 17 07:52:29 ec2: 256 SHA256:y4eI35JHzecSoD54SCX8AGBvFimJPoIxG9thPbiWScE root@ubuntu-bionic (ED25519)
<14>Mar 17 07:52:29 ec2: 2048 SHA256:uZCkecOSvlMSTsV/FqvuNXQiHLFaQT8JXeb5NkberUs root@ubuntu-bionic (RSA)
<14>Mar 17 07:52:29 ec2: -----END SSH HOST KEY FINGERPRINTS-----
<14>Mar 17 07:52:29 ec2: #############################################################
-----BEGIN SSH HOST KEY KEYS-----
ecdsa-sha2-nistp256 AAAAE2VjZHNhLXNoYTItbmlzdHAyNTYAAAAIbmlzdHAyNTYAAABBBAKcHK6bazXt17LbZIMoi0zVyKKSauEfoVWC3l2O1igm6jBLilXzk5ExyWUIPXC/kxiUM7aLINOQ2oQzI92OcsA= root@ubuntu-bionic
ssh-ed25519 AAAAC3NzaC1lZDI1NTE5AAAAIDqBwUGjHqHzUCBk/8zIEl8R/vmViZXd9EKUu3oSAUWl root@ubuntu-bionic
ssh-rsa AAAAB3NzaC1yc2EAAAADAQABAAABAQDsjpINlEyHFYx1tOGU9ZNn/bsXTUx2yoq6D1jMBw/JamMyS0BifT0v+FhNIvEfx9QBb8BH6iHV8nD96pn92RVyQBAcp+fnWR3XtGDsIHL8RJUuZ6FlWPU1r/lxSZtoXI5uISCZX5OPMYJdmJOzmQql7egqZscQgZCP7qrqCTQCr0nC4vR/mdc2e/3A7fB9E8WyEwK5JpAhnBfIlKQu/NW4UGqSOaPk26pWyocB7P4ap5SxOZUJHHVYJ1OzKH/Rn/7oKjx0sZO+Vl5QmnhZWC2W1RWOBviuiksTsp0RsSrZZswmuQktmGmI7tJdnQbFP+w6dLJZx3incDyCC7tGtZ5J root@ubuntu-bionic
-----END SSH HOST KEY KEYS-----
[   21.090993] cloud-init[1550]: Cloud-init v. 19.4-33-gbb4131a2-0ubuntu1~18.04.1 running 'modules:final' at Tue, 17 Mar 2020 07:52:29 +0000. Up 20.99 seconds.
[   21.091856] cloud-init[1550]: ci-info: no authorized SSH keys fingerprints found for user ubuntu.
[   21.092429] cloud-init[1550]: Cloud-init v. 19.4-33-gbb4131a2-0ubuntu1~18.04.1 finished at Tue, 17 Mar 2020 07:52:29 +0000. Datasource DataSourceNoCloud [seed=/dev/sdb][dsmode=net].  Up 21.08 seconds
[[0;32m  OK  [0m] Started Execute cloud user/final scripts.
[[0;32m  OK  [0m] Reached target Cloud-init target.

Ubuntu 18.04.4 LTS ubuntu-bionic ttyS0

ubuntu-bionic login: 